\BOOKMARK [1][-]{Doc-Start}{Contents}{}% 1
\BOOKMARK [1][-]{section.1}{Introduction}{}% 2
\BOOKMARK [2][-]{subsection.1.1}{Background}{section.1}% 3
\BOOKMARK [2][-]{subsection.1.2}{Previous\040Research}{section.1}% 4
\BOOKMARK [2][-]{subsection.1.3}{Restatement\040of\040the\040Problem}{section.1}% 5
\BOOKMARK [1][-]{section.2}{Assumptions\040and\040Justifications}{}% 6
\BOOKMARK [1][-]{section.3}{Notations}{}% 7
\BOOKMARK [1][-]{section.4}{Definitions\040and\040Conventions}{}% 8
\BOOKMARK [1][-]{section.5}{The\040Standard\040Nagel\040-\040Schreckenberg\040Cellular\040Automata\040Model}{}% 9
\BOOKMARK [2][-]{subsection.5.1}{Multi-lanes\040non-self-driving}{section.5}% 10
\BOOKMARK [2][-]{subsection.5.2}{Multi-lanes\040self-driving}{section.5}% 11
\BOOKMARK [1][-]{section.6}{The\040Real\040Road\040Traffic\040Condition}{}% 12
\BOOKMARK [1][-]{section.7}{Modified\040Model}{}% 13
\BOOKMARK [2][-]{subsection.7.1}{Modified\040VDR\040Model}{section.7}% 14
\BOOKMARK [3][-]{subsubsection.7.1.1}{Non-self-driving\040car}{subsection.7.1}% 15
\BOOKMARK [3][-]{subsubsection.7.1.2}{Self-driving\040car}{subsection.7.1}% 16
\BOOKMARK [3][-]{subsubsection.7.1.3}{Comparison\040of\040non-self-driving\040and\040self-driving}{subsection.7.1}% 17
\BOOKMARK [3][-]{subsubsection.7.1.4}{Prediction}{subsection.7.1}% 18
\BOOKMARK [2][-]{subsection.7.2}{Evaluating\040Equilibria}{section.7}% 19
\BOOKMARK [2][-]{subsection.7.3}{Self-driving\040behavior\040in\040divided\040lanes}{section.7}% 20
\BOOKMARK [1][-]{section.8}{Sensitivity\040Analysis}{}% 21
\BOOKMARK [1][-]{section.9}{Conclusion}{}% 22
\BOOKMARK [2][-]{subsection.9.1}{Result}{section.9}% 23
\BOOKMARK [2][-]{subsection.9.2}{Evaluating\040the\040Model}{section.9}% 24
\BOOKMARK [3][-]{subsubsection.9.2.1}{Strengths}{subsection.9.2}% 25
\BOOKMARK [3][-]{subsubsection.9.2.2}{Weaknesses}{subsection.9.2}% 26
\BOOKMARK [1][-]{section.10}{Further\040Study}{}% 27
\BOOKMARK [1][-]{section.10}{Letter\040to\040the\040Governor}{}% 28
\BOOKMARK [1][-]{section.10}{References}{}% 29
